<?xml version="1.0" encoding="UTF-8"?>
<!-- Generated by org.testng.reporters.JUnitReportReporter -->
<testsuite hostname="RSI1530" failures="0" tests="2" name="br.com.rsinet.hub_tdd.test.testPesquisa" time="30.228" errors="0" timestamp="2020-01-28T14:53:49 BRT" skipped="0">
  <testcase classname="br.com.rsinet.hub_tdd.test.testPesquisa" name="Teste_Pesquisa_Negativo" time="14.932"/>
  <testcase classname="br.com.rsinet.hub_tdd.test.testPesquisa" name="Teste_Pesquisa" time="15.296"/>
</testsuite> <!-- br.com.rsinet.hub_tdd.test.testPesquisa -->
