<?xml version="1.0" encoding="UTF-8"?>
<!-- Generated by org.testng.reporters.JUnitReportReporter -->
<testsuite hostname="RSI1530" failures="0" tests="2" name="br.com.rsinet.hub_tdd.test.testCadastro" time="35.205" errors="0" timestamp="2020-01-28T14:48:24 BRT" skipped="0">
  <testcase classname="br.com.rsinet.hub_tdd.test.testCadastro" name="Teste_Confirma" time="17.746"/>
  <testcase classname="br.com.rsinet.hub_tdd.test.testCadastro" name="Teste_NaoConfirma" time="17.459"/>
</testsuite> <!-- br.com.rsinet.hub_tdd.test.testCadastro -->
