<?xml version="1.0" encoding="UTF-8"?>
<!-- Generated by org.testng.reporters.JUnitReportReporter -->
<testsuite hostname="RSI1530" failures="0" tests="2" name="br.com.rsinet.hub_tdd.test.teste_consulta" time="25.336" errors="0" timestamp="2020-01-28T14:08:20 BRT" skipped="0">
  <testcase classname="br.com.rsinet.hub_tdd.test.teste_consulta" name="Teste_Busca_Negativo" time="12.822"/>
  <testcase classname="br.com.rsinet.hub_tdd.test.teste_consulta" name="Teste_Busca" time="12.514"/>
</testsuite> <!-- br.com.rsinet.hub_tdd.test.teste_consulta -->
