<?xml version="1.0" encoding="UTF-8"?>
<!-- Generated by org.testng.reporters.JUnitReportReporter -->
<testsuite hostname="RSI1517" failures="0" tests="1" name="br.com.rsinet.hub_tdd.home.ExtentReport" time="0.389" errors="0" timestamp="2020-01-21T08:53:51 BRT" skipped="0">
  <testcase classname="br.com.rsinet.hub_tdd.home.ExtentReport" name="loginTest" time="0.389"/>
</testsuite> <!-- br.com.rsinet.hub_tdd.home.ExtentReport -->
