<?xml version="1.0" encoding="UTF-8"?>
<!-- Generated by org.testng.reporters.JUnitReportReporter -->
<testsuite hostname="RSI1530" failures="0" tests="2" name="br.com.rsinet.hub_tdd.test.teste_pesquisa" time="29.817" errors="0" timestamp="2020-01-28T14:22:25 BRT" skipped="0">
  <testcase classname="br.com.rsinet.hub_tdd.test.teste_pesquisa" name="Teste_Pesquisa" time="15.351"/>
  <testcase classname="br.com.rsinet.hub_tdd.test.teste_pesquisa" name="Teste_Pesquisa_Negativo" time="14.466"/>
</testsuite> <!-- br.com.rsinet.hub_tdd.test.teste_pesquisa -->
