<?xml version="1.0" encoding="UTF-8"?>
<!-- Generated by org.testng.reporters.JUnitReportReporter -->
<testsuite hostname="RSI1530" failures="0" tests="2" name="br.com.rsinet.hub_tdd.test.testCadastro" time="33.863" errors="0" timestamp="2020-01-28T16:11:11 BRT" skipped="0">
  <testcase classname="br.com.rsinet.hub_tdd.test.testCadastro" name="Teste_Confirma" time="18.063"/>
  <testcase classname="br.com.rsinet.hub_tdd.test.testCadastro" name="Teste_NaoConfirma" time="15.800"/>
</testsuite> <!-- br.com.rsinet.hub_tdd.test.testCadastro -->
