<?xml version="1.0" encoding="UTF-8"?>
<!-- Generated by org.testng.reporters.JUnitReportReporter -->
<testsuite hostname="RSI1530" failures="0" tests="2" name="br.com.rsinet.hub_tdd.test.testConsulta" time="25.483" errors="0" timestamp="2020-01-28T16:06:33 BRT" skipped="0">
  <testcase classname="br.com.rsinet.hub_tdd.test.testConsulta" name="Teste_Busca_Negativo" time="12.936"/>
  <testcase classname="br.com.rsinet.hub_tdd.test.testConsulta" name="Teste_Busca" time="12.547"/>
</testsuite> <!-- br.com.rsinet.hub_tdd.test.testConsulta -->
