<?xml version="1.0" encoding="UTF-8"?>
<!-- Generated by org.testng.reporters.JUnitReportReporter -->
<testsuite hostname="RSI1530" failures="0" tests="2" name="br.com.rsinet.hub_tdd.test.teste_cadastro" time="34.680" errors="0" timestamp="2020-01-28T14:11:35 BRT" skipped="0">
  <testcase classname="br.com.rsinet.hub_tdd.test.teste_cadastro" name="Teste_Confirma" time="16.767"/>
  <testcase classname="br.com.rsinet.hub_tdd.test.teste_cadastro" name="Teste_NaoConfirma" time="17.913"/>
</testsuite> <!-- br.com.rsinet.hub_tdd.test.teste_cadastro -->
