<?xml version="1.0" encoding="UTF-8"?>
<!-- Generated by org.testng.reporters.JUnitReportReporter -->
<testsuite hostname="RSI1530" failures="0" tests="2" name="br.com.rsinet.hub_tdd.test.testPesquisa" time="25.273" errors="0" timestamp="2020-01-28T16:07:06 BRT" skipped="0">
  <testcase classname="br.com.rsinet.hub_tdd.test.testPesquisa" name="Teste_Pesquisa" time="12.942"/>
  <testcase classname="br.com.rsinet.hub_tdd.test.testPesquisa" name="Teste_Pesquisa_Negativo" time="12.331"/>
</testsuite> <!-- br.com.rsinet.hub_tdd.test.testPesquisa -->
